<?xml version="1.0" encoding="UTF-8" ?>
<testsuite tests="31" failures="1" name="TestSuite" time="2,850.3" errors="0" skipped="30">
  <properties>
[...]
</properties>
  <testcase classname="ca.process.data.stepTest" name="setUpBeforeAutomationTest" time="86.785">
    <failure message="no such element: Unable to locate element: {&quot;method&quot;:&quot;link text&quot;,&quot;selector&quot;:&quot;Add a new course&quot;}
  (Session info: chrome=74.0.3729.169)
  (Driver info: chromedriver=2.46.628411 (3324f4c8be9ff2f70a05a30ebc72ffb013e1a71e),platform=Mac OS X 10.11.6 x86_64) (WARNING: The server did not provide any stacktrace information)
Command duration or timeout: 0 milliseconds
For documentation on this error, please visit: https://www.seleniumhq.org/exceptions/no_such_element.html
Build info: version: &apos;3.141.59&apos;, revision: &apos;e82be7d358&apos;, time: &apos;2018-11-14T08:17:03&apos;
System info: host: &apos;roberts-MacBook-Pro.local&apos;, ip: &apos;172.16.20.17&apos;, os.name: &apos;Mac OS X&apos;, os.arch: &apos;x86_64&apos;, os.version: &apos;10.11.6&apos;, java.version: &apos;11.0.1&apos;
Driver info: org.openqa.selenium.chrome.ChromeDriver
Capabilities {acceptInsecureCerts: false, acceptSslCerts: false, applicationCacheEnabled: false, browserConnectionEnabled: false, browserName: chrome, chrome: {chromedriverVersion: 2.46.628411 (3324f4c8be9ff2..., userDataDir: /var/folders/z5/gwfppckd6h9...}, cssSelectorsEnabled: true, databaseEnabled: false, goog:chromeOptions: {debuggerAddress: localhost:64475}, handlesAlerts: true, hasTouchScreen: false, javascriptEnabled: true, locationContextEnabled: true, mobileEmulationEnabled: false, nativeEvents: true, networkConnectionEnabled: false, pageLoadStrategy: normal, platform: MAC, platformName: MAC, proxy: Proxy(), rotatable: false, setWindowRect: true, strictFileInteractability: false, takesHeapSnapshot: true, takesScreenshot: true, timeouts: {implicit: 0, pageLoad: 300000, script: 30000}, unexpectedAlertBehaviour: ignore, unhandledPromptBehavior: ignore, version: 74.0.3729.169, webStorageEnabled: true}
Session ID: 346f2bb885fbeb67e2a35c9b77efe790
*** Element info: {Using=link text, value=Add a new course}" type="org.openqa.selenium.NoSuchElementException">org.openqa.selenium.NoSuchElementException: no such element: Unable to locate element: {&quot;method&quot;:&quot;link text&quot;,&quot;selector&quot;:&quot;Add a new course&quot;}
  (Session info: chrome=74.0.3729.169)
  (Driver info: chromedriver=2.46.628411 (3324f4c8be9ff2f70a05a30ebc72ffb013e1a71e),platform=Mac OS X 10.11.6 x86_64) (WARNING: The server did not provide any stacktrace information)
Command duration or timeout: 0 milliseconds
For documentation on this error, please visit: https://www.seleniumhq.org/exceptions/no_such_element.html
Build info: version: &apos;3.141.59&apos;, revision: &apos;e82be7d358&apos;, time: &apos;2018-11-14T08:17:03&apos;
System info: host: &apos;roberts-MacBook-Pro.local&apos;, ip: &apos;172.16.20.17&apos;, os.name: &apos;Mac OS X&apos;, os.arch: &apos;x86_64&apos;, os.version: &apos;10.11.6&apos;, java.version: &apos;11.0.1&apos;
Driver info: org.openqa.selenium.chrome.ChromeDriver
Capabilities {acceptInsecureCerts: false, acceptSslCerts: false, applicationCacheEnabled: false, browserConnectionEnabled: false, browserName: chrome, chrome: {chromedriverVersion: 2.46.628411 (3324f4c8be9ff2..., userDataDir: /var/folders/z5/gwfppckd6h9...}, cssSelectorsEnabled: true, databaseEnabled: false, goog:chromeOptions: {debuggerAddress: localhost:64475}, handlesAlerts: true, hasTouchScreen: false, javascriptEnabled: true, locationContextEnabled: true, mobileEmulationEnabled: false, nativeEvents: true, networkConnectionEnabled: false, pageLoadStrategy: normal, platform: MAC, platformName: MAC, proxy: Proxy(), rotatable: false, setWindowRect: true, strictFileInteractability: false, takesHeapSnapshot: true, takesScreenshot: true, timeouts: {implicit: 0, pageLoad: 300000, script: 30000}, unexpectedAlertBehaviour: ignore, unhandledPromptBehavior: ignore, version: 74.0.3729.169, webStorageEnabled: true}
Session ID: 346f2bb885fbeb67e2a35c9b77efe790
*** Element info: {Using=link text, value=Add a new course}
	at java.base/jdk.internal.reflect.NativeConstructorAccessorImpl.newInstance0(Native Method)
	at java.base/jdk.internal.reflect.NativeConstructorAccessorImpl.newInstance(NativeConstructorAccessorImpl.java:62)
	at java.base/jdk.internal.reflect.DelegatingConstructorAccessorImpl.newInstance(DelegatingConstructorAccessorImpl.java:45)
	at java.base/java.lang.reflect.Constructor.newInstance(Constructor.java:490)
	at org.openqa.selenium.remote.ErrorHandler.createThrowable(ErrorHandler.java:214)
	at org.openqa.selenium.remote.ErrorHandler.throwIfResponseFailed(ErrorHandler.java:166)
	at org.openqa.selenium.remote.http.JsonHttpResponseCodec.reconstructValue(JsonHttpResponseCodec.java:40)
	at org.openqa.selenium.remote.http.AbstractHttpResponseCodec.decode(AbstractHttpResponseCodec.java:80)
	at org.openqa.selenium.remote.http.AbstractHttpResponseCodec.decode(AbstractHttpResponseCodec.java:44)
	at org.openqa.selenium.remote.HttpCommandExecutor.execute(HttpCommandExecutor.java:158)
	at org.openqa.selenium.remote.service.DriverCommandExecutor.execute(DriverCommandExecutor.java:83)
	at org.openqa.selenium.remote.RemoteWebDriver.execute(RemoteWebDriver.java:552)
	at org.openqa.selenium.remote.RemoteWebDriver.findElement(RemoteWebDriver.java:323)
	at org.openqa.selenium.remote.RemoteWebDriver.findElementByLinkText(RemoteWebDriver.java:380)
	at org.openqa.selenium.By$ByLinkText.findElement(By.java:220)
	at org.openqa.selenium.remote.RemoteWebDriver.findElement(RemoteWebDriver.java:315)
	at ca.library.main.clickFuntion.LinkText(clickFuntion.java:35)
	at ca.process.data.createAndRunData.setUpBeforeAutomationTest(createAndRunData.java:102)
	at java.base/jdk.internal.reflect.NativeMethodAccessorImpl.invoke0(Native Method)
	at java.base/jdk.internal.reflect.NativeMethodAccessorImpl.invoke(NativeMethodAccessorImpl.java:62)
	at java.base/jdk.internal.reflect.DelegatingMethodAccessorImpl.invoke(DelegatingMethodAccessorImpl.java:43)
	at java.base/java.lang.reflect.Method.invoke(Method.java:566)
	at org.testng.internal.MethodInvocationHelper.invokeMethod(MethodInvocationHelper.java:124)
	at org.testng.internal.MethodInvocationHelper.invokeMethodConsideringTimeout(MethodInvocationHelper.java:59)
	at org.testng.internal.Invoker.invokeConfigurationMethod(Invoker.java:458)
	at org.testng.internal.Invoker.invokeConfigurations(Invoker.java:222)
	at org.testng.internal.Invoker.invokeConfigurations(Invoker.java:142)
	at org.testng.TestRunner.beforeRun(TestRunner.java:529)
	at org.testng.TestRunner.run(TestRunner.java:497)
	at org.testng.SuiteRunner.runTest(SuiteRunner.java:455)
	at org.testng.SuiteRunner.runSequentially(SuiteRunner.java:450)
	at org.testng.SuiteRunner.privateRun(SuiteRunner.java:415)
	at org.testng.SuiteRunner.run(SuiteRunner.java:364)
	at org.testng.SuiteRunnerWorker.runSuite(SuiteRunnerWorker.java:52)
	at org.testng.SuiteRunnerWorker.run(SuiteRunnerWorker.java:84)
	at org.testng.TestNG.runSuitesSequentially(TestNG.java:1208)
	at org.testng.TestNG.runSuitesLocally(TestNG.java:1137)
	at org.testng.TestNG.runSuites(TestNG.java:1049)
	at org.testng.TestNG.run(TestNG.java:1017)
	at org.apache.maven.surefire.testng.TestNGExecutor.run(TestNGExecutor.java:77)
	at org.apache.maven.surefire.testng.TestNGDirectoryTestSuite.executeMulti(TestNGDirectoryTestSuite.java:159)
	at org.apache.maven.surefire.testng.TestNGDirectoryTestSuite.execute(TestNGDirectoryTestSuite.java:99)
	at org.apache.maven.surefire.testng.TestNGProvider.invoke(TestNGProvider.java:106)
	at java.base/jdk.internal.reflect.NativeMethodAccessorImpl.invoke0(Native Method)
	at java.base/jdk.internal.reflect.NativeMethodAccessorImpl.invoke(NativeMethodAccessorImpl.java:62)
	at java.base/jdk.internal.reflect.DelegatingMethodAccessorImpl.invoke(DelegatingMethodAccessorImpl.java:43)
	at java.base/java.lang.reflect.Method.invoke(Method.java:566)
	at org.apache.maven.surefire.util.ReflectionUtils.invokeMethodWithArray(ReflectionUtils.java:189)
	at org.apache.maven.surefire.booter.ProviderFactory$ProviderProxy.invoke(ProviderFactory.java:165)
	at org.apache.maven.surefire.booter.ProviderFactory.invokeProvider(ProviderFactory.java:85)
	at org.apache.maven.surefire.booter.ForkedBooter.runSuitesInProcess(ForkedBooter.java:115)
	at org.apache.maven.surefire.booter.ForkedBooter.main(ForkedBooter.java:75)
</failure>
    <system-out>Configuring TestNG with: org.apache.maven.surefire.testng.conf.TestNG652Configurator@7f13d6e
</system-out>
    <system-err>Starting ChromeDriver 2.46.628411 (3324f4c8be9ff2f70a05a30ebc72ffb013e1a71e) on port 30641
Only local connections are allowed.
Please protect ports used by ChromeDriver and related test frameworks to prevent access by malicious code.
May 29, 2019 3:11:31 P.M. org.openqa.selenium.remote.ProtocolHandshake createSession
INFO: Detected dialect: OSS
</system-err>
  </testcase>
  <testcase classname="ca.process.data.stepTest" name="setUp" time="86.961">
    <skipped/>
  </testcase>
  <testcase classname="ca.process.data.stepTest" name="takeScreenshotTest" time="86.97">
    <skipped/>
  </testcase>
  <testcase classname="ca.process.data.stepTest" name="tearDown" time="86.971">
    <skipped/>
  </testcase>
  <testcase classname="ca.process.data.stepTest" name="setUp" time="92.32">
    <skipped/>
    <system-out>No of rows :4
No of cols :4
dmineghelli0
37000-698
05/30/2015
05/30/2016
opennings1
36800-175
05/12/2015
05/18/2016
ctroughton2
98132-171
03/20/2015
08/30/2016
</system-out>
  </testcase>
  <testcase classname="ca.process.data.stepTest" name="testCreateCourse" time="92.32">
    <skipped/>
  </testcase>
  <testcase classname="ca.process.data.stepTest" name="tearDown" time="92.32">
    <skipped/>
  </testcase>
  <testcase classname="ca.process.data.stepTest" name="setUp" time="92.321">
    <skipped/>
  </testcase>
  <testcase classname="ca.process.data.stepTest" name="testCreateCourse" time="92.321">
    <skipped/>
  </testcase>
  <testcase classname="ca.process.data.stepTest" name="tearDown" time="92.321">
    <skipped/>
  </testcase>
  <testcase classname="ca.process.data.stepTest" name="setUp" time="92.322">
    <skipped/>
  </testcase>
  <testcase classname="ca.process.data.stepTest" name="testCreateCourse" time="92.322">
    <skipped/>
  </testcase>
  <testcase classname="ca.process.data.stepTest" name="tearDown" time="92.325">
    <skipped/>
  </testcase>
  <testcase classname="ca.process.data.stepTest" name="setUp" time="92.682">
    <skipped/>
    <system-out>No of rows :4
No of cols :4
dmineghelli0
37000-698
05/30/2015
05/30/2016
opennings1
36800-175
05/12/2015
05/18/2016
ctroughton2
98132-171
03/20/2015
08/30/2016
</system-out>
  </testcase>
  <testcase classname="ca.process.data.stepTest" name="testModifyCourse" time="92.683">
    <skipped/>
  </testcase>
  <testcase classname="ca.process.data.stepTest" name="tearDown" time="92.683">
    <skipped/>
  </testcase>
  <testcase classname="ca.process.data.stepTest" name="setUp" time="92.683">
    <skipped/>
  </testcase>
  <testcase classname="ca.process.data.stepTest" name="testModifyCourse" time="92.683">
    <skipped/>
  </testcase>
  <testcase classname="ca.process.data.stepTest" name="tearDown" time="92.683">
    <skipped/>
  </testcase>
  <testcase classname="ca.process.data.stepTest" name="setUp" time="92.683">
    <skipped/>
  </testcase>
  <testcase classname="ca.process.data.stepTest" name="testModifyCourse" time="92.683">
    <skipped/>
  </testcase>
  <testcase classname="ca.process.data.stepTest" name="tearDown" time="92.683">
    <skipped/>
  </testcase>
  <testcase classname="ca.process.data.stepTest" name="setUp" time="93.056">
    <skipped/>
    <system-out>No of rows :4
No of cols :4
dmineghelli0
37000-698
05/30/2015
05/30/2016
opennings1
36800-175
05/12/2015
05/18/2016
ctroughton2
98132-171
03/20/2015
08/30/2016
</system-out>
  </testcase>
  <testcase classname="ca.process.data.stepTest" name="DeleteModifyCourse" time="93.057">
    <skipped/>
  </testcase>
  <testcase classname="ca.process.data.stepTest" name="tearDown" time="93.058">
    <skipped/>
  </testcase>
  <testcase classname="ca.process.data.stepTest" name="setUp" time="93.062">
    <skipped/>
  </testcase>
  <testcase classname="ca.process.data.stepTest" name="DeleteModifyCourse" time="93.063">
    <skipped/>
  </testcase>
  <testcase classname="ca.process.data.stepTest" name="tearDown" time="93.064">
    <skipped/>
  </testcase>
  <testcase classname="ca.process.data.stepTest" name="setUp" time="93.069">
    <skipped/>
  </testcase>
  <testcase classname="ca.process.data.stepTest" name="DeleteModifyCourse" time="93.073">
    <skipped/>
  </testcase>
  <testcase classname="ca.process.data.stepTest" name="tearDown" time="93.073">
    <skipped/>
  </testcase>
</testsuite>