<?xml version="1.0" encoding="UTF-8"?>
<testng-results ignored="0" total="9" passed="3" failed="6" skipped="0">
  <reporter-output>
  </reporter-output>
  <suite started-at="2019-05-31T00:37:01Z" name="Default suite" finished-at="2019-05-31T00:41:02Z" duration-ms="241238">
    <groups>
    </groups>
    <test started-at="2019-05-31T00:37:01Z" name="Default test" finished-at="2019-05-31T00:41:02Z" duration-ms="241238">
      <class name="ca.process.data.createAndRunData">
        <test-method is-config="true" signature="initialization()[pri:0, instance:ca.process.data.createAndRunData@32910148]" started-at="2019-05-31T00:36:53Z" name="initialization" finished-at="2019-05-31T00:37:01Z" duration-ms="8241" status="PASS">
          <reporter-output>
          </reporter-output>
        </test-method> <!-- initialization -->
        <test-method is-config="true" signature="setUpBeforeAutomationTest()[pri:0, instance:ca.process.data.createAndRunData@32910148]" started-at="2019-05-31T00:37:01Z" name="setUpBeforeAutomationTest" finished-at="2019-05-31T00:37:52Z" duration-ms="50696" status="PASS">
          <reporter-output>
          </reporter-output>
        </test-method> <!-- setUpBeforeAutomationTest -->
        <test-method signature="testCreateCourse(java.lang.String, java.lang.String, java.lang.String, java.lang.String)[pri:1, instance:ca.process.data.createAndRunData@32910148]" started-at="2019-05-31T00:38:01Z" name="testCreateCourse" data-provider="test1data" finished-at="2019-05-31T00:38:13Z" duration-ms="12324" status="PASS">
          <params>
            <param index="0">
              <value>
                <![CDATA[dmineghelli0]]>
              </value>
            </param>
            <param index="1">
              <value>
                <![CDATA[37000-698]]>
              </value>
            </param>
            <param index="2">
              <value>
                <![CDATA[05/30/2015]]>
              </value>
            </param>
            <param index="3">
              <value>
                <![CDATA[05/30/2016]]>
              </value>
            </param>
          </params>
          <reporter-output>
          </reporter-output>
        </test-method> <!-- testCreateCourse -->
        <test-method signature="testCreateCourse(java.lang.String, java.lang.String, java.lang.String, java.lang.String)[pri:1, instance:ca.process.data.createAndRunData@32910148]" started-at="2019-05-31T00:38:13Z" name="testCreateCourse" data-provider="test1data" finished-at="2019-05-31T00:38:36Z" duration-ms="22564" status="PASS">
          <params>
            <param index="0">
              <value>
                <![CDATA[opennings1]]>
              </value>
            </param>
            <param index="1">
              <value>
                <![CDATA[36800-175]]>
              </value>
            </param>
            <param index="2">
              <value>
                <![CDATA[05/12/2015]]>
              </value>
            </param>
            <param index="3">
              <value>
                <![CDATA[05/18/2016]]>
              </value>
            </param>
          </params>
          <reporter-output>
          </reporter-output>
        </test-method> <!-- testCreateCourse -->
        <test-method signature="testCreateCourse(java.lang.String, java.lang.String, java.lang.String, java.lang.String)[pri:1, instance:ca.process.data.createAndRunData@32910148]" started-at="2019-05-31T00:38:36Z" name="testCreateCourse" data-provider="test1data" finished-at="2019-05-31T00:38:54Z" duration-ms="17877" status="PASS">
          <params>
            <param index="0">
              <value>
                <![CDATA[ctroughton2]]>
              </value>
            </param>
            <param index="1">
              <value>
                <![CDATA[98132-171]]>
              </value>
            </param>
            <param index="2">
              <value>
                <![CDATA[03/20/2015]]>
              </value>
            </param>
            <param index="3">
              <value>
                <![CDATA[08/30/2016]]>
              </value>
            </param>
          </params>
          <reporter-output>
          </reporter-output>
        </test-method> <!-- testCreateCourse -->
        <test-method signature="testModifyCourse(java.lang.String, java.lang.String, java.lang.String, java.lang.String)[pri:2, instance:ca.process.data.createAndRunData@32910148]" started-at="2019-05-31T00:38:54Z" name="testModifyCourse" data-provider="test1data" finished-at="2019-05-31T00:39:17Z" duration-ms="22297" status="FAIL">
          <params>
            <param index="0">
              <value>
                <![CDATA[dmineghelli0]]>
              </value>
            </param>
            <param index="1">
              <value>
                <![CDATA[37000-698]]>
              </value>
            </param>
            <param index="2">
              <value>
                <![CDATA[05/30/2015]]>
              </value>
            </param>
            <param index="3">
              <value>
                <![CDATA[05/30/2016]]>
              </value>
            </param>
          </params>
          <exception class="java.lang.NullPointerException">
            <full-stacktrace>
              <![CDATA[java.lang.NullPointerException
at ca.process.data.createAndRunData.testModifyCourse(createAndRunData.java:174)
at java.base/jdk.internal.reflect.NativeMethodAccessorImpl.invoke0(Native Method)
at java.base/jdk.internal.reflect.NativeMethodAccessorImpl.invoke(NativeMethodAccessorImpl.java:62)
at java.base/jdk.internal.reflect.DelegatingMethodAccessorImpl.invoke(DelegatingMethodAccessorImpl.java:43)
at java.base/java.lang.reflect.Method.invoke(Method.java:566)
at org.testng.internal.MethodInvocationHelper.invokeMethod(MethodInvocationHelper.java:124)
at org.testng.internal.Invoker.invokeMethod(Invoker.java:583)
at org.testng.internal.Invoker.invokeTestMethod(Invoker.java:719)
at org.testng.internal.Invoker.invokeTestMethods(Invoker.java:989)
at org.testng.internal.TestMethodWorker.invokeTestMethods(TestMethodWorker.java:125)
at org.testng.internal.TestMethodWorker.run(TestMethodWorker.java:109)
at org.testng.TestRunner.privateRun(TestRunner.java:648)
at org.testng.TestRunner.run(TestRunner.java:505)
at org.testng.SuiteRunner.runTest(SuiteRunner.java:455)
at org.testng.SuiteRunner.runSequentially(SuiteRunner.java:450)
at org.testng.SuiteRunner.privateRun(SuiteRunner.java:415)
at org.testng.SuiteRunner.run(SuiteRunner.java:364)
at org.testng.SuiteRunnerWorker.runSuite(SuiteRunnerWorker.java:52)
at org.testng.SuiteRunnerWorker.run(SuiteRunnerWorker.java:84)
at org.testng.TestNG.runSuitesSequentially(TestNG.java:1208)
at org.testng.TestNG.runSuitesLocally(TestNG.java:1137)
at org.testng.TestNG.runSuites(TestNG.java:1049)
at org.testng.TestNG.run(TestNG.java:1017)
at org.testng.remote.AbstractRemoteTestNG.run(AbstractRemoteTestNG.java:115)
at org.testng.remote.RemoteTestNG.initAndRun(RemoteTestNG.java:251)
at org.testng.remote.RemoteTestNG.main(RemoteTestNG.java:77)
]]>
            </full-stacktrace>
          </exception> <!-- java.lang.NullPointerException -->
          <reporter-output>
          </reporter-output>
        </test-method> <!-- testModifyCourse -->
        <test-method signature="testModifyCourse(java.lang.String, java.lang.String, java.lang.String, java.lang.String)[pri:2, instance:ca.process.data.createAndRunData@32910148]" started-at="2019-05-31T00:39:17Z" name="testModifyCourse" data-provider="test1data" finished-at="2019-05-31T00:39:38Z" duration-ms="20530" status="FAIL">
          <params>
            <param index="0">
              <value>
                <![CDATA[opennings1]]>
              </value>
            </param>
            <param index="1">
              <value>
                <![CDATA[36800-175]]>
              </value>
            </param>
            <param index="2">
              <value>
                <![CDATA[05/12/2015]]>
              </value>
            </param>
            <param index="3">
              <value>
                <![CDATA[05/18/2016]]>
              </value>
            </param>
          </params>
          <exception class="java.lang.NullPointerException">
            <full-stacktrace>
              <![CDATA[java.lang.NullPointerException
at ca.process.data.createAndRunData.testModifyCourse(createAndRunData.java:174)
at java.base/jdk.internal.reflect.NativeMethodAccessorImpl.invoke0(Native Method)
at java.base/jdk.internal.reflect.NativeMethodAccessorImpl.invoke(NativeMethodAccessorImpl.java:62)
at java.base/jdk.internal.reflect.DelegatingMethodAccessorImpl.invoke(DelegatingMethodAccessorImpl.java:43)
at java.base/java.lang.reflect.Method.invoke(Method.java:566)
at org.testng.internal.MethodInvocationHelper.invokeMethod(MethodInvocationHelper.java:124)
at org.testng.internal.Invoker.invokeMethod(Invoker.java:583)
at org.testng.internal.Invoker.invokeTestMethod(Invoker.java:719)
at org.testng.internal.Invoker.invokeTestMethods(Invoker.java:989)
at org.testng.internal.TestMethodWorker.invokeTestMethods(TestMethodWorker.java:125)
at org.testng.internal.TestMethodWorker.run(TestMethodWorker.java:109)
at org.testng.TestRunner.privateRun(TestRunner.java:648)
at org.testng.TestRunner.run(TestRunner.java:505)
at org.testng.SuiteRunner.runTest(SuiteRunner.java:455)
at org.testng.SuiteRunner.runSequentially(SuiteRunner.java:450)
at org.testng.SuiteRunner.privateRun(SuiteRunner.java:415)
at org.testng.SuiteRunner.run(SuiteRunner.java:364)
at org.testng.SuiteRunnerWorker.runSuite(SuiteRunnerWorker.java:52)
at org.testng.SuiteRunnerWorker.run(SuiteRunnerWorker.java:84)
at org.testng.TestNG.runSuitesSequentially(TestNG.java:1208)
at org.testng.TestNG.runSuitesLocally(TestNG.java:1137)
at org.testng.TestNG.runSuites(TestNG.java:1049)
at org.testng.TestNG.run(TestNG.java:1017)
at org.testng.remote.AbstractRemoteTestNG.run(AbstractRemoteTestNG.java:115)
at org.testng.remote.RemoteTestNG.initAndRun(RemoteTestNG.java:251)
at org.testng.remote.RemoteTestNG.main(RemoteTestNG.java:77)
]]>
            </full-stacktrace>
          </exception> <!-- java.lang.NullPointerException -->
          <reporter-output>
          </reporter-output>
        </test-method> <!-- testModifyCourse -->
        <test-method signature="testModifyCourse(java.lang.String, java.lang.String, java.lang.String, java.lang.String)[pri:2, instance:ca.process.data.createAndRunData@32910148]" started-at="2019-05-31T00:39:38Z" name="testModifyCourse" data-provider="test1data" finished-at="2019-05-31T00:39:58Z" duration-ms="20701" status="FAIL">
          <params>
            <param index="0">
              <value>
                <![CDATA[ctroughton2]]>
              </value>
            </param>
            <param index="1">
              <value>
                <![CDATA[98132-171]]>
              </value>
            </param>
            <param index="2">
              <value>
                <![CDATA[03/20/2015]]>
              </value>
            </param>
            <param index="3">
              <value>
                <![CDATA[08/30/2016]]>
              </value>
            </param>
          </params>
          <exception class="java.lang.NullPointerException">
            <full-stacktrace>
              <![CDATA[java.lang.NullPointerException
at ca.process.data.createAndRunData.testModifyCourse(createAndRunData.java:174)
at java.base/jdk.internal.reflect.NativeMethodAccessorImpl.invoke0(Native Method)
at java.base/jdk.internal.reflect.NativeMethodAccessorImpl.invoke(NativeMethodAccessorImpl.java:62)
at java.base/jdk.internal.reflect.DelegatingMethodAccessorImpl.invoke(DelegatingMethodAccessorImpl.java:43)
at java.base/java.lang.reflect.Method.invoke(Method.java:566)
at org.testng.internal.MethodInvocationHelper.invokeMethod(MethodInvocationHelper.java:124)
at org.testng.internal.Invoker.invokeMethod(Invoker.java:583)
at org.testng.internal.Invoker.invokeTestMethod(Invoker.java:719)
at org.testng.internal.Invoker.invokeTestMethods(Invoker.java:989)
at org.testng.internal.TestMethodWorker.invokeTestMethods(TestMethodWorker.java:125)
at org.testng.internal.TestMethodWorker.run(TestMethodWorker.java:109)
at org.testng.TestRunner.privateRun(TestRunner.java:648)
at org.testng.TestRunner.run(TestRunner.java:505)
at org.testng.SuiteRunner.runTest(SuiteRunner.java:455)
at org.testng.SuiteRunner.runSequentially(SuiteRunner.java:450)
at org.testng.SuiteRunner.privateRun(SuiteRunner.java:415)
at org.testng.SuiteRunner.run(SuiteRunner.java:364)
at org.testng.SuiteRunnerWorker.runSuite(SuiteRunnerWorker.java:52)
at org.testng.SuiteRunnerWorker.run(SuiteRunnerWorker.java:84)
at org.testng.TestNG.runSuitesSequentially(TestNG.java:1208)
at org.testng.TestNG.runSuitesLocally(TestNG.java:1137)
at org.testng.TestNG.runSuites(TestNG.java:1049)
at org.testng.TestNG.run(TestNG.java:1017)
at org.testng.remote.AbstractRemoteTestNG.run(AbstractRemoteTestNG.java:115)
at org.testng.remote.RemoteTestNG.initAndRun(RemoteTestNG.java:251)
at org.testng.remote.RemoteTestNG.main(RemoteTestNG.java:77)
]]>
            </full-stacktrace>
          </exception> <!-- java.lang.NullPointerException -->
          <reporter-output>
          </reporter-output>
        </test-method> <!-- testModifyCourse -->
        <test-method signature="DeleteModifyCourse(java.lang.String, java.lang.String, java.lang.String, java.lang.String)[pri:3, instance:ca.process.data.createAndRunData@32910148]" started-at="2019-05-31T00:39:59Z" name="DeleteModifyCourse" data-provider="test1data" finished-at="2019-05-31T00:40:20Z" duration-ms="21284" status="FAIL">
          <params>
            <param index="0">
              <value>
                <![CDATA[dmineghelli0]]>
              </value>
            </param>
            <param index="1">
              <value>
                <![CDATA[37000-698]]>
              </value>
            </param>
            <param index="2">
              <value>
                <![CDATA[05/30/2015]]>
              </value>
            </param>
            <param index="3">
              <value>
                <![CDATA[05/30/2016]]>
              </value>
            </param>
          </params>
          <exception class="java.lang.NullPointerException">
            <full-stacktrace>
              <![CDATA[java.lang.NullPointerException
at ca.process.data.createAndRunData.DeleteModifyCourse(createAndRunData.java:197)
at java.base/jdk.internal.reflect.NativeMethodAccessorImpl.invoke0(Native Method)
at java.base/jdk.internal.reflect.NativeMethodAccessorImpl.invoke(NativeMethodAccessorImpl.java:62)
at java.base/jdk.internal.reflect.DelegatingMethodAccessorImpl.invoke(DelegatingMethodAccessorImpl.java:43)
at java.base/java.lang.reflect.Method.invoke(Method.java:566)
at org.testng.internal.MethodInvocationHelper.invokeMethod(MethodInvocationHelper.java:124)
at org.testng.internal.Invoker.invokeMethod(Invoker.java:583)
at org.testng.internal.Invoker.invokeTestMethod(Invoker.java:719)
at org.testng.internal.Invoker.invokeTestMethods(Invoker.java:989)
at org.testng.internal.TestMethodWorker.invokeTestMethods(TestMethodWorker.java:125)
at org.testng.internal.TestMethodWorker.run(TestMethodWorker.java:109)
at org.testng.TestRunner.privateRun(TestRunner.java:648)
at org.testng.TestRunner.run(TestRunner.java:505)
at org.testng.SuiteRunner.runTest(SuiteRunner.java:455)
at org.testng.SuiteRunner.runSequentially(SuiteRunner.java:450)
at org.testng.SuiteRunner.privateRun(SuiteRunner.java:415)
at org.testng.SuiteRunner.run(SuiteRunner.java:364)
at org.testng.SuiteRunnerWorker.runSuite(SuiteRunnerWorker.java:52)
at org.testng.SuiteRunnerWorker.run(SuiteRunnerWorker.java:84)
at org.testng.TestNG.runSuitesSequentially(TestNG.java:1208)
at org.testng.TestNG.runSuitesLocally(TestNG.java:1137)
at org.testng.TestNG.runSuites(TestNG.java:1049)
at org.testng.TestNG.run(TestNG.java:1017)
at org.testng.remote.AbstractRemoteTestNG.run(AbstractRemoteTestNG.java:115)
at org.testng.remote.RemoteTestNG.initAndRun(RemoteTestNG.java:251)
at org.testng.remote.RemoteTestNG.main(RemoteTestNG.java:77)
]]>
            </full-stacktrace>
          </exception> <!-- java.lang.NullPointerException -->
          <reporter-output>
          </reporter-output>
        </test-method> <!-- DeleteModifyCourse -->
        <test-method signature="DeleteModifyCourse(java.lang.String, java.lang.String, java.lang.String, java.lang.String)[pri:3, instance:ca.process.data.createAndRunData@32910148]" started-at="2019-05-31T00:40:20Z" name="DeleteModifyCourse" data-provider="test1data" finished-at="2019-05-31T00:40:41Z" duration-ms="21030" status="FAIL">
          <params>
            <param index="0">
              <value>
                <![CDATA[opennings1]]>
              </value>
            </param>
            <param index="1">
              <value>
                <![CDATA[36800-175]]>
              </value>
            </param>
            <param index="2">
              <value>
                <![CDATA[05/12/2015]]>
              </value>
            </param>
            <param index="3">
              <value>
                <![CDATA[05/18/2016]]>
              </value>
            </param>
          </params>
          <exception class="java.lang.NullPointerException">
            <full-stacktrace>
              <![CDATA[java.lang.NullPointerException
at ca.process.data.createAndRunData.DeleteModifyCourse(createAndRunData.java:197)
at java.base/jdk.internal.reflect.NativeMethodAccessorImpl.invoke0(Native Method)
at java.base/jdk.internal.reflect.NativeMethodAccessorImpl.invoke(NativeMethodAccessorImpl.java:62)
at java.base/jdk.internal.reflect.DelegatingMethodAccessorImpl.invoke(DelegatingMethodAccessorImpl.java:43)
at java.base/java.lang.reflect.Method.invoke(Method.java:566)
at org.testng.internal.MethodInvocationHelper.invokeMethod(MethodInvocationHelper.java:124)
at org.testng.internal.Invoker.invokeMethod(Invoker.java:583)
at org.testng.internal.Invoker.invokeTestMethod(Invoker.java:719)
at org.testng.internal.Invoker.invokeTestMethods(Invoker.java:989)
at org.testng.internal.TestMethodWorker.invokeTestMethods(TestMethodWorker.java:125)
at org.testng.internal.TestMethodWorker.run(TestMethodWorker.java:109)
at org.testng.TestRunner.privateRun(TestRunner.java:648)
at org.testng.TestRunner.run(TestRunner.java:505)
at org.testng.SuiteRunner.runTest(SuiteRunner.java:455)
at org.testng.SuiteRunner.runSequentially(SuiteRunner.java:450)
at org.testng.SuiteRunner.privateRun(SuiteRunner.java:415)
at org.testng.SuiteRunner.run(SuiteRunner.java:364)
at org.testng.SuiteRunnerWorker.runSuite(SuiteRunnerWorker.java:52)
at org.testng.SuiteRunnerWorker.run(SuiteRunnerWorker.java:84)
at org.testng.TestNG.runSuitesSequentially(TestNG.java:1208)
at org.testng.TestNG.runSuitesLocally(TestNG.java:1137)
at org.testng.TestNG.runSuites(TestNG.java:1049)
at org.testng.TestNG.run(TestNG.java:1017)
at org.testng.remote.AbstractRemoteTestNG.run(AbstractRemoteTestNG.java:115)
at org.testng.remote.RemoteTestNG.initAndRun(RemoteTestNG.java:251)
at org.testng.remote.RemoteTestNG.main(RemoteTestNG.java:77)
]]>
            </full-stacktrace>
          </exception> <!-- java.lang.NullPointerException -->
          <reporter-output>
          </reporter-output>
        </test-method> <!-- DeleteModifyCourse -->
        <test-method signature="DeleteModifyCourse(java.lang.String, java.lang.String, java.lang.String, java.lang.String)[pri:3, instance:ca.process.data.createAndRunData@32910148]" started-at="2019-05-31T00:40:41Z" name="DeleteModifyCourse" data-provider="test1data" finished-at="2019-05-31T00:41:02Z" duration-ms="21107" status="FAIL">
          <params>
            <param index="0">
              <value>
                <![CDATA[ctroughton2]]>
              </value>
            </param>
            <param index="1">
              <value>
                <![CDATA[98132-171]]>
              </value>
            </param>
            <param index="2">
              <value>
                <![CDATA[03/20/2015]]>
              </value>
            </param>
            <param index="3">
              <value>
                <![CDATA[08/30/2016]]>
              </value>
            </param>
          </params>
          <exception class="java.lang.NullPointerException">
            <full-stacktrace>
              <![CDATA[java.lang.NullPointerException
at ca.process.data.createAndRunData.DeleteModifyCourse(createAndRunData.java:197)
at java.base/jdk.internal.reflect.NativeMethodAccessorImpl.invoke0(Native Method)
at java.base/jdk.internal.reflect.NativeMethodAccessorImpl.invoke(NativeMethodAccessorImpl.java:62)
at java.base/jdk.internal.reflect.DelegatingMethodAccessorImpl.invoke(DelegatingMethodAccessorImpl.java:43)
at java.base/java.lang.reflect.Method.invoke(Method.java:566)
at org.testng.internal.MethodInvocationHelper.invokeMethod(MethodInvocationHelper.java:124)
at org.testng.internal.Invoker.invokeMethod(Invoker.java:583)
at org.testng.internal.Invoker.invokeTestMethod(Invoker.java:719)
at org.testng.internal.Invoker.invokeTestMethods(Invoker.java:989)
at org.testng.internal.TestMethodWorker.invokeTestMethods(TestMethodWorker.java:125)
at org.testng.internal.TestMethodWorker.run(TestMethodWorker.java:109)
at org.testng.TestRunner.privateRun(TestRunner.java:648)
at org.testng.TestRunner.run(TestRunner.java:505)
at org.testng.SuiteRunner.runTest(SuiteRunner.java:455)
at org.testng.SuiteRunner.runSequentially(SuiteRunner.java:450)
at org.testng.SuiteRunner.privateRun(SuiteRunner.java:415)
at org.testng.SuiteRunner.run(SuiteRunner.java:364)
at org.testng.SuiteRunnerWorker.runSuite(SuiteRunnerWorker.java:52)
at org.testng.SuiteRunnerWorker.run(SuiteRunnerWorker.java:84)
at org.testng.TestNG.runSuitesSequentially(TestNG.java:1208)
at org.testng.TestNG.runSuitesLocally(TestNG.java:1137)
at org.testng.TestNG.runSuites(TestNG.java:1049)
at org.testng.TestNG.run(TestNG.java:1017)
at org.testng.remote.AbstractRemoteTestNG.run(AbstractRemoteTestNG.java:115)
at org.testng.remote.RemoteTestNG.initAndRun(RemoteTestNG.java:251)
at org.testng.remote.RemoteTestNG.main(RemoteTestNG.java:77)
]]>
            </full-stacktrace>
          </exception> <!-- java.lang.NullPointerException -->
          <reporter-output>
          </reporter-output>
        </test-method> <!-- DeleteModifyCourse -->
      </class> <!-- ca.process.data.createAndRunData -->
    </test> <!-- Default test -->
  </suite> <!-- Default suite -->
</testng-results>
